This file contains any messages produced by compilers while
running configure, to aid debugging if configure makes a mistake.

It was created by configure, which was
generated by GNU Autoconf 2.59.  Invocation command line was

  $ ./configure 

## --------- ##
## Platform. ##
## --------- ##

hostname = andrea.dragonfear
uname -m = i686
uname -r = 2.6.12-0.21.rdt.rhfc4.ccrma
uname -s = Linux
uname -v = #1 Mon Jul 11 16:21:40 EDT 2005

/usr/bin/uname -p = unknown
/bin/uname -X     = unknown

/bin/arch              = i686
/usr/bin/arch -k       = unknown
/usr/convex/getsysinfo = unknown
hostinfo               = unknown
/bin/machine           = unknown
/usr/bin/oslevel       = unknown
/bin/universe          = unknown

PATH: /home/rudd-o/bin
PATH: /usr/kerberos/bin
PATH: /usr/local/bin
PATH: /usr/bin
PATH: /bin
PATH: /usr/X11R6/bin


## ----------- ##
## Core tests. ##
## ----------- ##

configure:1269: checking for a BSD-compatible install
configure:1324: result: /usr/bin/install -c
configure:1335: checking whether build environment is sane
configure:1378: result: yes
configure:1443: checking for gawk
configure:1459: found /usr/bin/gawk
configure:1469: result: gawk
configure:1479: checking whether make sets $(MAKE)
configure:1499: result: yes
configure:1667: checking whether to enable maintainer-specific portions of Makefiles
configure:1676: result: no
configure:1702: checking for python
configure:1720: found /usr/bin/python
configure:1732: result: /usr/bin/python
configure:1754: checking for python version
configure:1761: result: 2.4
configure:1773: checking for python platform
configure:1780: result: linux2
configure:1787: checking for python script directory
configure:1795: result: ${prefix}/lib/python2.4/site-packages
configure:1804: checking for python extension module directory
configure:1812: result: ${exec_prefix}/lib/python2.4/site-packages
configure:1832: checking for pkg-config
configure:1850: found /usr/bin/pkg-config
configure:1863: result: /usr/bin/pkg-config
configure:1880: checking for pygtk-2.0
configure:1884: result: yes
configure:1888: checking PREREQS_CFLAGS
configure:1891: result: -I/usr/include/pygtk-2.0 -I/usr/include/glib-2.0 -I/usr/lib/glib-2.0/include  
configure:1894: checking PREREQS_LIBS
configure:1897: result: -lgobject-2.0 -lglib-2.0  
configure:1978: checking for gnome-python-2.0
configure:1982: result: yes
configure:1986: checking PREREQS_CFLAGS
configure:1989: result:  
configure:1992: checking PREREQS_LIBS
configure:1995: result:  
configure:2025: checking for desktop-file-install
configure:2043: found /usr/bin/desktop-file-install
configure:2056: result: /usr/bin/desktop-file-install
configure:2131: checking for gtk+-2.0 >= 2.4.0 libgnomeui-2.0 >=  2.2.0 pygtk-2.0 >= 2.4.0
configure:2135: result: yes
configure:2139: checking EGG_CFLAGS
configure:2142: result: -DXTHREADS -D_REENTRANT -DXUSE_MTSAFE_API -DORBIT2=1 -pthread -I/usr/include/gtk-2.0 -I/usr/lib/gtk-2.0/include -I/usr/X11R6/include -I/usr/include/atk-1.0 -I/usr/include/pango-1.0 -I/usr/include/freetype2 -I/usr/include/freetype2/config -I/usr/include/glib-2.0 -I/usr/lib/glib-2.0/include -I/usr/include/libgnomeui-2.0 -I/usr/include/libgnome-2.0 -I/usr/include/libgnomecanvas-2.0 -I/usr/include/libart-2.0 -I/usr/include/gconf/2 -I/usr/include/libbonoboui-2.0 -I/usr/include/orbit-2.0 -I/usr/include/libbonobo-2.0 -I/usr/include/gnome-vfs-2.0 -I/usr/lib/gnome-vfs-2.0/include -I/usr/include/bonobo-activation-2.0 -I/usr/include/libxml2 -I/usr/include/pygtk-2.0  
configure:2145: checking EGG_LIBS
configure:2148: result: -Wl,--export-dynamic -pthread -L/usr/X11R6/lib -lgnomeui-2 -lSM -lICE -lbonoboui-2 -lxml2 -lpthread -lz -lgnomecanvas-2 -lgnome-2 -lpopt -lart_lgpl_2 -lpangoft2-1.0 -lgtk-x11-2.0 -lgdk-x11-2.0 -latk-1.0 -lgdk_pixbuf-2.0 -lpangoxft-1.0 -lpangox-1.0 -lpango-1.0 -lgnomevfs-2 -lbonobo-2 -lgconf-2 -lbonobo-activation -lORBit-2 -lm -lgmodule-2.0 -ldl -lgthread-2.0 -lgobject-2.0 -lglib-2.0  
configure:2311: creating ./config.status

## ---------------------- ##
## Running config.status. ##
## ---------------------- ##

This file was extended by config.status, which was
generated by GNU Autoconf 2.59.  Invocation command line was

  CONFIG_FILES    = 
  CONFIG_HEADERS  = 
  CONFIG_LINKS    = 
  CONFIG_COMMANDS = 
  $ ./config.status 

on andrea.dragonfear

config.status:671: creating Makefile
config.status:671: creating recording-level-monitor.spec

## ---------------- ##
## Cache variables. ##
## ---------------- ##

ac_cv_env_build_alias_set=
ac_cv_env_build_alias_value=
ac_cv_env_host_alias_set=
ac_cv_env_host_alias_value=
ac_cv_env_target_alias_set=
ac_cv_env_target_alias_value=
ac_cv_path_DESKTOP_FILE_INSTALL=/usr/bin/desktop-file-install
ac_cv_path_PKG_CONFIG=/usr/bin/pkg-config
ac_cv_path_PYTHON=/usr/bin/python
ac_cv_path_install='/usr/bin/install -c'
ac_cv_prog_AWK=gawk
ac_cv_prog_make_make_set=yes
am_cv_python_platform=linux2
am_cv_python_pyexecdir='${exec_prefix}/lib/python2.4/site-packages'
am_cv_python_pythondir='${prefix}/lib/python2.4/site-packages'
am_cv_python_version=2.4

## ----------------- ##
## Output variables. ##
## ----------------- ##

ACLOCAL='${SHELL} /home/rudd-o/Projects/recording-level-monitor/src/missing --run aclocal-1.9'
AMTAR='${SHELL} /home/rudd-o/Projects/recording-level-monitor/src/missing --run tar'
AUTOCONF='${SHELL} /home/rudd-o/Projects/recording-level-monitor/src/missing --run autoconf'
AUTOHEADER='${SHELL} /home/rudd-o/Projects/recording-level-monitor/src/missing --run autoheader'
AUTOMAKE='${SHELL} /home/rudd-o/Projects/recording-level-monitor/src/missing --run automake-1.9'
AWK='gawk'
CYGPATH_W='echo'
DEFS='-DPACKAGE_NAME=\"\" -DPACKAGE_TARNAME=\"\" -DPACKAGE_VERSION=\"\" -DPACKAGE_STRING=\"\" -DPACKAGE_BUGREPORT=\"\" -DPACKAGE=\"recording-level-monitor\" -DVERSION=\"0.2.1\" '
DESKTOP_FILE_INSTALL='/usr/bin/desktop-file-install'
ECHO_C=''
ECHO_N='-n'
ECHO_T=''
EGG_CFLAGS='-DXTHREADS -D_REENTRANT -DXUSE_MTSAFE_API -DORBIT2=1 -pthread -I/usr/include/gtk-2.0 -I/usr/lib/gtk-2.0/include -I/usr/X11R6/include -I/usr/include/atk-1.0 -I/usr/include/pango-1.0 -I/usr/include/freetype2 -I/usr/include/freetype2/config -I/usr/include/glib-2.0 -I/usr/lib/glib-2.0/include -I/usr/include/libgnomeui-2.0 -I/usr/include/libgnome-2.0 -I/usr/include/libgnomecanvas-2.0 -I/usr/include/libart-2.0 -I/usr/include/gconf/2 -I/usr/include/libbonoboui-2.0 -I/usr/include/orbit-2.0 -I/usr/include/libbonobo-2.0 -I/usr/include/gnome-vfs-2.0 -I/usr/lib/gnome-vfs-2.0/include -I/usr/include/bonobo-activation-2.0 -I/usr/include/libxml2 -I/usr/include/pygtk-2.0  '
EGG_LIBS='-Wl,--export-dynamic -pthread -L/usr/X11R6/lib -lgnomeui-2 -lSM -lICE -lbonoboui-2 -lxml2 -lpthread -lz -lgnomecanvas-2 -lgnome-2 -lpopt -lart_lgpl_2 -lpangoft2-1.0 -lgtk-x11-2.0 -lgdk-x11-2.0 -latk-1.0 -lgdk_pixbuf-2.0 -lpangoxft-1.0 -lpangox-1.0 -lpango-1.0 -lgnomevfs-2 -lbonobo-2 -lgconf-2 -lbonobo-activation -lORBit-2 -lm -lgmodule-2.0 -ldl -lgthread-2.0 -lgobject-2.0 -lglib-2.0  '
GETTEXT_PACKAGE='recording-level-monitor'
INSTALL_DATA='${INSTALL} -m 644'
INSTALL_PROGRAM='${INSTALL}'
INSTALL_SCRIPT='${INSTALL}'
INSTALL_STRIP_PROGRAM='${SHELL} $(install_sh) -c -s'
LIBOBJS=''
LIBS=''
LTLIBOBJS=''
MAINT='#'
MAINTAINER_MODE_FALSE=''
MAINTAINER_MODE_TRUE='#'
MAKEINFO='${SHELL} /home/rudd-o/Projects/recording-level-monitor/src/missing --run makeinfo'
PACKAGE='recording-level-monitor'
PACKAGE_BUGREPORT=''
PACKAGE_NAME=''
PACKAGE_STRING=''
PACKAGE_TARNAME=''
PACKAGE_VERSION=''
PATH_SEPARATOR=':'
PKG_CONFIG='/usr/bin/pkg-config'
PREREQS_CFLAGS=' '
PREREQS_LIBS=' '
PYTHON='/usr/bin/python'
PYTHON_EXEC_PREFIX='${exec_prefix}'
PYTHON_PLATFORM='linux2'
PYTHON_PREFIX='${prefix}'
PYTHON_VERSION='2.4'
SET_MAKE=''
SHELL='/bin/sh'
STRIP=''
VERSION='0.2.1'
ac_ct_STRIP=''
am__leading_dot='.'
am__tar='${AMTAR} chof - "$$tardir"'
am__untar='${AMTAR} xf -'
bindir='${exec_prefix}/bin'
build_alias=''
datadir='${prefix}/share'
exec_prefix='${prefix}'
host_alias=''
includedir='${prefix}/include'
infodir='${prefix}/info'
install_sh='/home/rudd-o/Projects/recording-level-monitor/src/install-sh'
libdir='${exec_prefix}/lib'
libexecdir='${exec_prefix}/libexec'
localstatedir='${prefix}/var'
mandir='${prefix}/man'
mkdir_p='mkdir -p --'
oldincludedir='/usr/include'
pkgpyexecdir='${pyexecdir}/recording-level-monitor'
pkgpythondir='${pythondir}/recording-level-monitor'
prefix='/usr/local'
program_transform_name='s,x,x,'
pyexecdir='${exec_prefix}/lib/python2.4/site-packages'
pythondir='${prefix}/lib/python2.4/site-packages'
sbindir='${exec_prefix}/sbin'
sharedstatedir='${prefix}/com'
sysconfdir='${prefix}/etc'
target_alias=''

## ----------- ##
## confdefs.h. ##
## ----------- ##

#define PACKAGE "recording-level-monitor"
#define PACKAGE_BUGREPORT ""
#define PACKAGE_NAME ""
#define PACKAGE_STRING ""
#define PACKAGE_TARNAME ""
#define PACKAGE_VERSION ""
#define VERSION "0.2.1"

configure: exit 0
